info it worked if it ends with ok
verbose cli [ 'node',
verbose cli   '/usr/bin/npm',
verbose cli   'install',
verbose cli   'mongodb',
verbose cli   '--mongodb:native' ]
info using npm@1.0.17
info using node@v0.4.11
verbose config file /Users/scottcorgan/.npmrc
verbose config file /usr/etc/npmrc
silly testEngine { name: 'Node-MVC',
silly testEngine   version: '0.0.1',
silly testEngine   private: false,
silly testEngine   dependencies: 
silly testEngine    { express: '2.4.6',
silly testEngine      jade: '>= 0.15.4',
silly testEngine      connect: '>= 1.7.1' },
silly testEngine   _npmJsonOpts: 
silly testEngine    { file: '/Users/scottcorgan/Projects/node-mvc/package.json',
silly testEngine      wscript: false,
silly testEngine      contributors: false,
silly testEngine      serverjs: false },
silly testEngine   _id: 'Node-MVC@0.0.1',
silly testEngine   devDependencies: {},
silly testEngine   engines: { node: '*' },
silly testEngine   _engineSupported: true,
silly testEngine   _npmVersion: '1.0.17',
silly testEngine   _nodeVersion: 'v0.4.11',
silly testEngine   _defaultsLoaded: true }
verbose caching /Users/scottcorgan/Projects/node-mvc/package.json
verbose loadDefaults Node-MVC@0.0.1
silly testEngine { name: 'connect',
silly testEngine   version: '1.7.1',
silly testEngine   description: 'High performance middleware framework',
silly testEngine   keywords: [ 'framework', 'web', 'middleware', 'connect', 'rack' ],
silly testEngine   repository: 
silly testEngine    { type: 'git',
silly testEngine      url: 'git://github.com/senchalabs/connect.git' },
silly testEngine   author: 
silly testEngine    { name: 'TJ Holowaychuk',
silly testEngine      email: 'tj@vision-media.ca',
silly testEngine      url: 'http://tjholowaychuk.com' },
silly testEngine   dependencies: { qs: '>= 0.3.1', mime: '>= 0.0.1' },
silly testEngine   devDependencies: 
silly testEngine    { expresso: '0.7.6',
silly testEngine      koala: '0.1.2',
silly testEngine      less: '1.1.1',
silly testEngine      sass: '0.5.0',
silly testEngine      markdown: '0.2.1',
silly testEngine      ejs: '0.4.3',
silly testEngine      should: '0.2.1' },
silly testEngine   main: 'index',
silly testEngine   engines: { node: '>= 0.4.1 < 0.5.0' },
silly testEngine   _npmJsonOpts: 
silly testEngine    { file: '/Users/scottcorgan/Projects/node-mvc/node_modules/connect/package.json',
silly testEngine      wscript: false,
silly testEngine      contributors: false,
silly testEngine      serverjs: false },
silly testEngine   _id: 'connect@1.7.1',
silly testEngine   _engineSupported: true,
silly testEngine   _npmVersion: '1.0.17',
silly testEngine   _nodeVersion: 'v0.4.11',
silly testEngine   _defaultsLoaded: true }
verbose caching /Users/scottcorgan/Projects/node-mvc/node_modules/connect/package.json
verbose loadDefaults connect@1.7.1
silly testEngine { name: 'express',
silly testEngine   description: 'Sinatra inspired web development framework',
silly testEngine   version: '2.4.6',
silly testEngine   author: 
silly testEngine    { name: 'TJ Holowaychuk',
silly testEngine      email: 'tj@vision-media.ca' },
silly testEngine   contributors: 
silly testEngine    [ { name: 'TJ Holowaychuk',
silly testEngine        email: 'tj@vision-media.ca' },
silly testEngine      { name: 'Aaron Heckmann',
silly testEngine        email: 'aaron.heckmann+github@gmail.com' },
silly testEngine      { name: 'Ciaran Jessup', email: 'ciaranj@gmail.com' },
silly testEngine      { name: 'Guillermo Rauch', email: 'rauchg@gmail.com' } ],
silly testEngine   dependencies: 
silly testEngine    { connect: '>= 1.5.2 < 2.0.0',
silly testEngine      mime: '>= 0.0.1',
silly testEngine      qs: '>= 0.3.1' },
silly testEngine   devDependencies: 
silly testEngine    { 'connect-form': '0.2.1',
silly testEngine      ejs: '0.4.2',
silly testEngine      expresso: '0.7.2',
silly testEngine      hamljs: '0.5.1',
silly testEngine      jade: '0.11.0',
silly testEngine      stylus: '0.13.0',
silly testEngine      should: '0.2.1',
silly testEngine      'express-messages': '0.0.2',
silly testEngine      'node-markdown': '>= 0.0.1',
silly testEngine      'connect-redis': '>= 0.0.1' },
silly testEngine   keywords: [ 'framework', 'sinatra', 'web', 'rest', 'restful' ],
silly testEngine   repository: 
silly testEngine    { type: 'git',
silly testEngine      url: 'git://github.com/visionmedia/express.git' },
silly testEngine   main: 'index',
silly testEngine   bin: { express: './bin/express' },
silly testEngine   scripts: { test: 'make test', prepublish: 'npm prune' },
silly testEngine   engines: { node: '>= 0.4.1 < 0.5.0' },
silly testEngine   _npmJsonOpts: 
silly testEngine    { file: '/Users/scottcorgan/Projects/node-mvc/node_modules/express/package.json',
silly testEngine      wscript: false,
silly testEngine      contributors: false,
silly testEngine      serverjs: false },
silly testEngine   _id: 'express@2.4.6',
silly testEngine   _engineSupported: true,
silly testEngine   _npmVersion: '1.0.17',
silly testEngine   _nodeVersion: 'v0.4.11',
silly testEngine   _defaultsLoaded: true }
verbose caching /Users/scottcorgan/Projects/node-mvc/node_modules/express/package.json
verbose loadDefaults express@2.4.6
silly testEngine { name: 'jade',
silly testEngine   description: 'Jade template engine',
silly testEngine   version: '0.15.4',
silly testEngine   author: 
silly testEngine    { name: 'TJ Holowaychuk',
silly testEngine      email: 'tj@vision-media.ca' },
silly testEngine   repository: 
silly testEngine    { type: 'git',
silly testEngine      url: 'git://github.com/visionmedia/jade.git' },
silly testEngine   main: './index.js',
silly testEngine   bin: { jade: './bin/jade' },
silly testEngine   dependencies: { commander: '0.1.0', mkdirp: '0.0.6' },
silly testEngine   devDependencies: 
silly testEngine    { expresso: '0.6.4',
silly testEngine      'coffee-script': '>= 0.0.1',
silly testEngine      sass: '>= 0.0.1',
silly testEngine      less: '>= 0.0.1',
silly testEngine      markdown: '>= 0.0.1',
silly testEngine      stylus: '>= 0.0.1',
silly testEngine      uubench: '0.0.1' },
silly testEngine   scripts: { prepublish: 'npm prune' },
silly testEngine   engines: { node: '>= 0.1.98' },
silly testEngine   _npmJsonOpts: 
silly testEngine    { file: '/Users/scottcorgan/Projects/node-mvc/node_modules/jade/package.json',
silly testEngine      wscript: false,
silly testEngine      contributors: false,
silly testEngine      serverjs: false },
silly testEngine   _id: 'jade@0.15.4',
silly testEngine   _engineSupported: true,
silly testEngine   _npmVersion: '1.0.17',
silly testEngine   _nodeVersion: 'v0.4.11',
silly testEngine   _defaultsLoaded: true }
verbose caching /Users/scottcorgan/Projects/node-mvc/node_modules/jade/package.json
verbose loadDefaults jade@0.15.4
silly testEngine { name: 'mongoose',
silly testEngine   description: 'Mongoose MongoDB ORM',
silly testEngine   version: '2.1.3',
silly testEngine   author: 
silly testEngine    { name: 'Guillermo Rauch',
silly testEngine      email: 'guillermo@learnboost.com' },
silly testEngine   keywords: 
silly testEngine    [ 'mongodb',
silly testEngine      'mongoose',
silly testEngine      'orm',
silly testEngine      'data',
silly testEngine      'datastore',
silly testEngine      'nosql' ],
silly testEngine   dependencies: 
silly testEngine    { hooks: '0.1.9',
silly testEngine      mongodb: '0.9.6-15',
silly testEngine      colors: '0.5.0' },
silly testEngine   devDependencies: { should: '0.2.1', gleak: '0.1.0' },
silly testEngine   directories: { lib: './lib/mongoose' },
silly testEngine   scripts: { test: 'make test' },
silly testEngine   main: './index.js',
silly testEngine   engines: { node: '>= 0.4.0' },
silly testEngine   repository: 
silly testEngine    { type: 'git',
silly testEngine      url: 'git://github.com/LearnBoost/mongoose.git' },
silly testEngine   _npmJsonOpts: 
silly testEngine    { file: '/Users/scottcorgan/Projects/node-mvc/node_modules/mongoose/package.json',
silly testEngine      wscript: false,
silly testEngine      contributors: false,
silly testEngine      serverjs: false },
silly testEngine   _id: 'mongoose@2.1.3',
silly testEngine   _engineSupported: true,
silly testEngine   _npmVersion: '1.0.17',
silly testEngine   _nodeVersion: 'v0.4.11',
silly testEngine   _defaultsLoaded: true }
verbose caching /Users/scottcorgan/Projects/node-mvc/node_modules/mongoose/package.json
verbose loadDefaults mongoose@2.1.3
silly testEngine { name: 'mongoskin',
silly testEngine   description: 'The future layer above node-mongodb-native',
silly testEngine   version: '0.1.3',
silly testEngine   author: { name: 'Jason Green', email: 'guileen@gmail.com' },
silly testEngine   repository: 
silly testEngine    { type: 'git',
silly testEngine      url: 'git://github.com/guileen/node-mongoskin.git' },
silly testEngine   bugs: 
silly testEngine    { email: 'guileen@gmail.com',
silly testEngine      url: 'http://github.com/guileen/node-mongoskin/issues' },
silly testEngine   main: 'index',
silly testEngine   keywords: [ 'mongodb' ],
silly testEngine   engines: { node: '*' },
silly testEngine   dependencies: { mongodb: '*' },
silly testEngine   devDependencies: {},
silly testEngine   directories: { lib: 'lib/mongoskin' },
silly testEngine   _npmJsonOpts: 
silly testEngine    { file: '/Users/scottcorgan/Projects/node-mvc/node_modules/mongoskin/package.json',
silly testEngine      wscript: false,
silly testEngine      contributors: false,
silly testEngine      serverjs: false },
silly testEngine   _id: 'mongoskin@0.1.3',
silly testEngine   _engineSupported: true,
silly testEngine   _npmVersion: '1.0.17',
silly testEngine   _nodeVersion: 'v0.4.11',
silly testEngine   _defaultsLoaded: true }
verbose caching /Users/scottcorgan/Projects/node-mvc/node_modules/mongoskin/package.json
verbose loadDefaults mongoskin@0.1.3
verbose from cache /Users/scottcorgan/Projects/node-mvc/package.json
verbose into /Users/scottcorgan/Projects/node-mvc [ 'mongodb' ]
verbose cache add [ 'mongodb', null ]
info addNamed [ 'mongodb', '' ]
verbose addNamed [ null, '' ]
verbose GET mongodb
verbose raw, before any munging mongodb
verbose url resolving [ 'http://registry.npmjs.org/', './mongodb' ]
verbose url resolved http://registry.npmjs.org/mongodb
verbose url parsed { protocol: 'http:',
verbose url parsed   slashes: true,
verbose url parsed   host: 'registry.npmjs.org',
verbose url parsed   hostname: 'registry.npmjs.org',
verbose url parsed   href: 'http://registry.npmjs.org/mongodb',
verbose url parsed   pathname: '/mongodb' }
verbose etag "C7QD1QNLZTUHNKPTHJ31YQTR3"
verbose response http://registry.npmjs.org/mongodb
silly get cb [ 304,
silly get cb   { server: 'CouchDB/1.1.0 (Erlang OTP/R14B03)',
silly get cb     etag: '"C7QD1QNLZTUHNKPTHJ31YQTR3"',
silly get cb     date: 'Tue, 20 Sep 2011 22:59:49 GMT',
silly get cb     'content-length': '0' } ]
verbose etag mongodb from cache
verbose GET mongodb/0.9.6-16
verbose raw, before any munging mongodb/0.9.6-16
verbose url resolving [ 'http://registry.npmjs.org/', './mongodb/0.9.6-16' ]
verbose url resolved http://registry.npmjs.org/mongodb/0.9.6-16
verbose url parsed { protocol: 'http:',
verbose url parsed   slashes: true,
verbose url parsed   host: 'registry.npmjs.org',
verbose url parsed   hostname: 'registry.npmjs.org',
verbose url parsed   href: 'http://registry.npmjs.org/mongodb/0.9.6-16',
verbose url parsed   pathname: '/mongodb/0.9.6-16' }
verbose etag "C7QD1QNLZTUHNKPTHJ31YQTR3"
verbose response http://registry.npmjs.org/mongodb/0.9.6-16
silly get cb [ 304,
silly get cb   { server: 'CouchDB/1.1.0 (Erlang OTP/R14B03)',
silly get cb     etag: '"C7QD1QNLZTUHNKPTHJ31YQTR3"',
silly get cb     date: 'Tue, 20 Sep 2011 22:59:49 GMT',
silly get cb     'content-length': '0' } ]
verbose etag mongodb/0.9.6-16 from cache
verbose bin dist [ '0.4-ares1.7.4-ev4.4-openssl0.9.8r-v83.1.8.26-darwin-11.1.0',
verbose bin dist   { shasum: '7e964991293bd9779c59aa6356c8e719a9a92b96',
verbose bin dist     tarball: 'http://registry.npmjs.org/mongodb/-/mongodb-0.9.6-16.tgz' } ]
silly testEngine { name: 'mongodb',
silly testEngine   description: 'A node.js driver for MongoDB',
silly testEngine   keywords: [ 'mongodb', 'mongo', 'driver', 'db' ],
silly testEngine   version: '0.9.6-16',
silly testEngine   author: 
silly testEngine    { name: 'Christian Amor Kvalheim',
silly testEngine      email: 'christkv@gmail.com' },
silly testEngine   contributors: 
silly testEngine    [ { name: 'Aaron Heckmann' },
silly testEngine      { name: 'Christoph Pojer' },
silly testEngine      { name: 'Pau Ramon Revilla' },
silly testEngine      { name: 'Nathan White' },
silly testEngine      { name: 'Emmerman' },
silly testEngine      { name: 'Seth LaForge' },
silly testEngine      { name: 'Boris Filipov' },
silly testEngine      { name: 'Stefan Schärmeli' },
silly testEngine      { name: 'Tedde Lundgren' },
silly testEngine      { name: 'renctan' },
silly testEngine      { name: 'Sergey Ukustov' },
silly testEngine      { name: 'Ciaran Jessup' },
silly testEngine      { name: 'kuno' },
silly testEngine      { name: 'srimonti' },
silly testEngine      { name: 'Erik Abele' },
silly testEngine      { name: 'Pratik Daga' },
silly testEngine      { name: 'Slobodan Utvic' },
silly testEngine      { name: 'Kristina Chodorow' },
silly testEngine      { name: 'Yonathan Randolph' },
silly testEngine      { name: 'Brian Noguchi' },
silly testEngine      { name: 'Sam Epstein' },
silly testEngine      { name: 'James Harrison Fisher' },
silly testEngine      { name: 'Vladimir Dronnikov' },
silly testEngine      { name: 'Ben Hockey' },
silly testEngine      { name: 'Henrik Johansson' },
silly testEngine      { name: 'Simon Weare' },
silly testEngine      { name: 'Alex Gorbatchev' },
silly testEngine      { name: 'Shimon Doodkin' },
silly testEngine      { name: 'Kyle Mueller' },
silly testEngine      { name: 'Eran Hammer-Lahav' },
silly testEngine      { name: 'Marcin Ciszak' },
silly testEngine      { name: 'François de Metz' },
silly testEngine      { name: 'Vinay Pulim' },
silly testEngine      { name: 'nstielau' },
silly testEngine      { name: 'Adam Wiggins' },
silly testEngine      { name: 'entrinzikyl' },
silly testEngine      { name: 'Jeremy Selier' },
silly testEngine      { name: 'Ian Millington' },
silly testEngine      { name: 'Public Keating' },
silly testEngine      { name: 'andrewjstone' },
silly testEngine      { name: 'Christopher Stott' },
silly testEngine      { name: 'Corey Jewett' },
silly testEngine      { name: 'brettkiefer' },
silly testEngine      { name: 'Rob Holland' },
silly testEngine      { name: 'Senmiao Liu' },
silly testEngine      { name: 'heroic' },
silly testEngine      { name: 'gitfy' },
silly testEngine      { name: 'Andrew Stone' } ],
silly testEngine   repository: 
silly testEngine    { type: 'git',
silly testEngine      url: 'git://github.com/christkv/node-mongodb-native.git' },
silly testEngine   bugs: 
silly testEngine    { email: 'node-mongodb-native@googlegroups.com',
silly testEngine      url: 'http://github.com/christkv/node-mongodb-native/issues' },
silly testEngine   os: [ 'linux', 'darwin', 'freebsd' ],
silly testEngine   config: { native: false },
silly testEngine   main: './lib/mongodb/index',
silly testEngine   directories: { lib: './lib/mongodb' },
silly testEngine   engines: { node: '>=0.4.0' },
silly testEngine   scripts: { install: 'bash ./install.sh' },
silly testEngine   licenses: 
silly testEngine    [ { type: 'Apache License, Version 2.0',
silly testEngine        url: 'http://www.apache.org/licenses/LICENSE-2.0' } ],
silly testEngine   _npmJsonOpts: 
silly testEngine    { file: '/Users/scottcorgan/.npm/mongodb/0.9.6-16/package/package.json',
silly testEngine      wscript: false,
silly testEngine      contributors: false,
silly testEngine      serverjs: false },
silly testEngine   _id: 'mongodb@0.9.6-16',
silly testEngine   dependencies: {},
silly testEngine   devDependencies: {},
silly testEngine   _engineSupported: true,
silly testEngine   _npmVersion: '1.0.17',
silly testEngine   _nodeVersion: 'v0.4.11',
silly testEngine   _defaultsLoaded: true }
verbose caching /Users/scottcorgan/.npm/mongodb/0.9.6-16/package/package.json
verbose loadDefaults mongodb@0.9.6-16
silly resolved [ { name: 'mongodb',
silly resolved     description: 'A node.js driver for MongoDB',
silly resolved     keywords: [ 'mongodb', 'mongo', 'driver', 'db' ],
silly resolved     version: '0.9.6-16',
silly resolved     author: 
silly resolved      { name: 'Christian Amor Kvalheim',
silly resolved        email: 'christkv@gmail.com' },
silly resolved     contributors: 
silly resolved      [ { name: 'Aaron Heckmann' },
silly resolved        { name: 'Christoph Pojer' },
silly resolved        { name: 'Pau Ramon Revilla' },
silly resolved        { name: 'Nathan White' },
silly resolved        { name: 'Emmerman' },
silly resolved        { name: 'Seth LaForge' },
silly resolved        { name: 'Boris Filipov' },
silly resolved        { name: 'Stefan Schärmeli' },
silly resolved        { name: 'Tedde Lundgren' },
silly resolved        { name: 'renctan' },
silly resolved        { name: 'Sergey Ukustov' },
silly resolved        { name: 'Ciaran Jessup' },
silly resolved        { name: 'kuno' },
silly resolved        { name: 'srimonti' },
silly resolved        { name: 'Erik Abele' },
silly resolved        { name: 'Pratik Daga' },
silly resolved        { name: 'Slobodan Utvic' },
silly resolved        { name: 'Kristina Chodorow' },
silly resolved        { name: 'Yonathan Randolph' },
silly resolved        { name: 'Brian Noguchi' },
silly resolved        { name: 'Sam Epstein' },
silly resolved        { name: 'James Harrison Fisher' },
silly resolved        { name: 'Vladimir Dronnikov' },
silly resolved        { name: 'Ben Hockey' },
silly resolved        { name: 'Henrik Johansson' },
silly resolved        { name: 'Simon Weare' },
silly resolved        { name: 'Alex Gorbatchev' },
silly resolved        { name: 'Shimon Doodkin' },
silly resolved        { name: 'Kyle Mueller' },
silly resolved        { name: 'Eran Hammer-Lahav' },
silly resolved        { name: 'Marcin Ciszak' },
silly resolved        { name: 'François de Metz' },
silly resolved        { name: 'Vinay Pulim' },
silly resolved        { name: 'nstielau' },
silly resolved        { name: 'Adam Wiggins' },
silly resolved        { name: 'entrinzikyl' },
silly resolved        { name: 'Jeremy Selier' },
silly resolved        { name: 'Ian Millington' },
silly resolved        { name: 'Public Keating' },
silly resolved        { name: 'andrewjstone' },
silly resolved        { name: 'Christopher Stott' },
silly resolved        { name: 'Corey Jewett' },
silly resolved        { name: 'brettkiefer' },
silly resolved        { name: 'Rob Holland' },
silly resolved        { name: 'Senmiao Liu' },
silly resolved        { name: 'heroic' },
silly resolved        { name: 'gitfy' },
silly resolved        { name: 'Andrew Stone' } ],
silly resolved     repository: 
silly resolved      { type: 'git',
silly resolved        url: 'git://github.com/christkv/node-mongodb-native.git' },
silly resolved     bugs: 
silly resolved      { email: 'node-mongodb-native@googlegroups.com',
silly resolved        url: 'http://github.com/christkv/node-mongodb-native/issues' },
silly resolved     os: [ 'linux', 'darwin', 'freebsd' ],
silly resolved     config: { native: false },
silly resolved     main: './lib/mongodb/index',
silly resolved     directories: { lib: './lib/mongodb' },
silly resolved     engines: { node: '>=0.4.0' },
silly resolved     scripts: { install: 'bash ./install.sh' },
silly resolved     licenses: 
silly resolved      [ { type: 'Apache License, Version 2.0',
silly resolved          url: 'http://www.apache.org/licenses/LICENSE-2.0' } ],
silly resolved     _npmJsonOpts: 
silly resolved      { file: '/Users/scottcorgan/.npm/mongodb/0.9.6-16/package/package.json',
silly resolved        wscript: false,
silly resolved        contributors: false,
silly resolved        serverjs: false },
silly resolved     _id: 'mongodb@0.9.6-16',
silly resolved     dependencies: {},
silly resolved     devDependencies: {},
silly resolved     _engineSupported: true,
silly resolved     _npmVersion: '1.0.17',
silly resolved     _nodeVersion: 'v0.4.11',
silly resolved     _defaultsLoaded: true } ]
info into /Users/scottcorgan/Projects/node-mvc mongodb@0.9.6-16
info installOne mongodb@0.9.6-16
info unbuild /Users/scottcorgan/Projects/node-mvc/node_modules/mongodb
verbose from cache /Users/scottcorgan/.npm/mongodb/0.9.6-16/package/package.json
verbose mkdir done: /Users/scottcorgan/Projects/node-mvc/node_modules/___mongodb.npm 755
verbose unpack_ uid, gid [ 501, 20 ]
verbose unpackTarget /Users/scottcorgan/Projects/node-mvc/node_modules/mongodb
silly gunzTarPerm modes [ '755', '644' ]
verbose success gzip "--decompress" "--stdout" "/Users/scottcorgan/.npm/mongodb/0.9.6-16/package.tgz"
verbose success tar "-mvxpf" "-" "-o" "-C" "/Users/scottcorgan/Projects/node-mvc/node_modules/___mongodb.npm"
silly asyncMap in gTP /Users/scottcorgan/Projects/node-mvc/node_modules/___mongodb.npm/package/
silly asyncMap in gTP /Users/scottcorgan/Projects/node-mvc/node_modules/___mongodb.npm/package/.npmignore
silly asyncMap in gTP /Users/scottcorgan/Projects/node-mvc/node_modules/___mongodb.npm/package/HISTORY
silly asyncMap in gTP /Users/scottcorgan/Projects/node-mvc/node_modules/___mongodb.npm/package/index.js
silly asyncMap in gTP /Users/scottcorgan/Projects/node-mvc/node_modules/___mongodb.npm/package/install.sh
silly asyncMap in gTP /Users/scottcorgan/Projects/node-mvc/node_modules/___mongodb.npm/package/Makefile
silly asyncMap in gTP /Users/scottcorgan/Projects/node-mvc/node_modules/___mongodb.npm/package/package.json
silly asyncMap in gTP /Users/scottcorgan/Projects/node-mvc/node_modules/___mongodb.npm/package/Readme.md
silly asyncMap in gTP /Users/scottcorgan/Projects/node-mvc/node_modules/___mongodb.npm/package/TODO
silly asyncMap in gTP /Users/scottcorgan/Projects/node-mvc/node_modules/___mongodb.npm/package/docs/
silly asyncMap in gTP /Users/scottcorgan/Projects/node-mvc/node_modules/___mongodb.npm/package/docs/collections.md
silly asyncMap in gTP /Users/scottcorgan/Projects/node-mvc/node_modules/___mongodb.npm/package/docs/database.md
silly asyncMap in gTP /Users/scottcorgan/Projects/node-mvc/node_modules/___mongodb.npm/package/docs/gridfs.md
silly asyncMap in gTP /Users/scottcorgan/Projects/node-mvc/node_modules/___mongodb.npm/package/docs/indexes.md
silly asyncMap in gTP /Users/scottcorgan/Projects/node-mvc/node_modules/___mongodb.npm/package/docs/insert.md
silly asyncMap in gTP /Users/scottcorgan/Projects/node-mvc/node_modules/___mongodb.npm/package/docs/queries.md
silly asyncMap in gTP /Users/scottcorgan/Projects/node-mvc/node_modules/___mongodb.npm/package/docs/README.md
silly asyncMap in gTP /Users/scottcorgan/Projects/node-mvc/node_modules/___mongodb.npm/package/docs/replicaset.md
silly asyncMap in gTP /Users/scottcorgan/Projects/node-mvc/node_modules/___mongodb.npm/package/examples/
silly asyncMap in gTP /Users/scottcorgan/Projects/node-mvc/node_modules/___mongodb.npm/package/examples/admin.js
silly asyncMap in gTP /Users/scottcorgan/Projects/node-mvc/node_modules/___mongodb.npm/package/examples/blog.js
silly asyncMap in gTP /Users/scottcorgan/Projects/node-mvc/node_modules/___mongodb.npm/package/examples/capped.js
silly asyncMap in gTP /Users/scottcorgan/Projects/node-mvc/node_modules/___mongodb.npm/package/examples/cursor.js
silly asyncMap in gTP /Users/scottcorgan/Projects/node-mvc/node_modules/___mongodb.npm/package/examples/gridfs.js
silly asyncMap in gTP /Users/scottcorgan/Projects/node-mvc/node_modules/___mongodb.npm/package/examples/index.js
silly asyncMap in gTP /Users/scottcorgan/Projects/node-mvc/node_modules/___mongodb.npm/package/examples/info.js
silly asyncMap in gTP /Users/scottcorgan/Projects/node-mvc/node_modules/___mongodb.npm/package/examples/oplog.js
silly asyncMap in gTP /Users/scottcorgan/Projects/node-mvc/node_modules/___mongodb.npm/package/examples/queries.js
silly asyncMap in gTP /Users/scottcorgan/Projects/node-mvc/node_modules/___mongodb.npm/package/examples/replSetServersQueries.js
silly asyncMap in gTP /Users/scottcorgan/Projects/node-mvc/node_modules/___mongodb.npm/package/examples/replSetServersSimple.js
silly asyncMap in gTP /Users/scottcorgan/Projects/node-mvc/node_modules/___mongodb.npm/package/examples/simple.js
silly asyncMap in gTP /Users/scottcorgan/Projects/node-mvc/node_modules/___mongodb.npm/package/examples/strict.js
silly asyncMap in gTP /Users/scottcorgan/Projects/node-mvc/node_modules/___mongodb.npm/package/examples/types.js
silly asyncMap in gTP /Users/scottcorgan/Projects/node-mvc/node_modules/___mongodb.npm/package/examples/url.js
silly asyncMap in gTP /Users/scottcorgan/Projects/node-mvc/node_modules/___mongodb.npm/package/tools/
silly asyncMap in gTP /Users/scottcorgan/Projects/node-mvc/node_modules/___mongodb.npm/package/tools/gleak.js
silly asyncMap in gTP /Users/scottcorgan/Projects/node-mvc/node_modules/___mongodb.npm/package/tools/test_all.js
silly asyncMap in gTP /Users/scottcorgan/Projects/node-mvc/node_modules/___mongodb.npm/package/external-libs/
silly asyncMap in gTP /Users/scottcorgan/Projects/node-mvc/node_modules/___mongodb.npm/package/external-libs/bson/
silly asyncMap in gTP /Users/scottcorgan/Projects/node-mvc/node_modules/___mongodb.npm/package/external-libs/bson/.gitignore
silly asyncMap in gTP /Users/scottcorgan/Projects/node-mvc/node_modules/___mongodb.npm/package/external-libs/bson/binary.cc
silly asyncMap in gTP /Users/scottcorgan/Projects/node-mvc/node_modules/___mongodb.npm/package/external-libs/bson/binary.h
silly asyncMap in gTP /Users/scottcorgan/Projects/node-mvc/node_modules/___mongodb.npm/package/external-libs/bson/bson.cc
silly asyncMap in gTP /Users/scottcorgan/Projects/node-mvc/node_modules/___mongodb.npm/package/external-libs/bson/bson.h
silly asyncMap in gTP /Users/scottcorgan/Projects/node-mvc/node_modules/___mongodb.npm/package/external-libs/bson/code.cc
silly asyncMap in gTP /Users/scottcorgan/Projects/node-mvc/node_modules/___mongodb.npm/package/external-libs/bson/code.h
silly asyncMap in gTP /Users/scottcorgan/Projects/node-mvc/node_modules/___mongodb.npm/package/external-libs/bson/dbref.cc
silly asyncMap in gTP /Users/scottcorgan/Projects/node-mvc/node_modules/___mongodb.npm/package/external-libs/bson/dbref.h
silly asyncMap in gTP /Users/scottcorgan/Projects/node-mvc/node_modules/___mongodb.npm/package/external-libs/bson/index.js
silly asyncMap in gTP /Users/scottcorgan/Projects/node-mvc/node_modules/___mongodb.npm/package/external-libs/bson/local.cc
silly asyncMap in gTP /Users/scottcorgan/Projects/node-mvc/node_modules/___mongodb.npm/package/external-libs/bson/local.h
silly asyncMap in gTP /Users/scottcorgan/Projects/node-mvc/node_modules/___mongodb.npm/package/external-libs/bson/long.cc
silly asyncMap in gTP /Users/scottcorgan/Projects/node-mvc/node_modules/___mongodb.npm/package/external-libs/bson/long.h
silly asyncMap in gTP /Users/scottcorgan/Projects/node-mvc/node_modules/___mongodb.npm/package/external-libs/bson/Makefile
silly asyncMap in gTP /Users/scottcorgan/Projects/node-mvc/node_modules/___mongodb.npm/package/external-libs/bson/objectid.cc
silly asyncMap in gTP /Users/scottcorgan/Projects/node-mvc/node_modules/___mongodb.npm/package/external-libs/bson/objectid.h
silly asyncMap in gTP /Users/scottcorgan/Projects/node-mvc/node_modules/___mongodb.npm/package/external-libs/bson/test_bson.js
silly asyncMap in gTP /Users/scottcorgan/Projects/node-mvc/node_modules/___mongodb.npm/package/external-libs/bson/test_full_bson.js
silly asyncMap in gTP /Users/scottcorgan/Projects/node-mvc/node_modules/___mongodb.npm/package/external-libs/bson/timestamp.cc
silly asyncMap in gTP /Users/scottcorgan/Projects/node-mvc/node_modules/___mongodb.npm/package/external-libs/bson/timestamp.h
silly asyncMap in gTP /Users/scottcorgan/Projects/node-mvc/node_modules/___mongodb.npm/package/external-libs/bson/wscript
silly asyncMap in gTP /Users/scottcorgan/Projects/node-mvc/node_modules/___mongodb.npm/package/test/
silly asyncMap in gTP /Users/scottcorgan/Projects/node-mvc/node_modules/___mongodb.npm/package/test/admin_test.js
silly asyncMap in gTP /Users/scottcorgan/Projects/node-mvc/node_modules/___mongodb.npm/package/test/authentication_test.js
silly asyncMap in gTP /Users/scottcorgan/Projects/node-mvc/node_modules/___mongodb.npm/package/test/collection_test.js
silly asyncMap in gTP /Users/scottcorgan/Projects/node-mvc/node_modules/___mongodb.npm/package/test/connect_test.js
silly asyncMap in gTP /Users/scottcorgan/Projects/node-mvc/node_modules/___mongodb.npm/package/test/connection_test.js
silly asyncMap in gTP /Users/scottcorgan/Projects/node-mvc/node_modules/___mongodb.npm/package/test/cursor_test.js
silly asyncMap in gTP /Users/scottcorgan/Projects/node-mvc/node_modules/___mongodb.npm/package/test/custom_pk_test.js
silly asyncMap in gTP /Users/scottcorgan/Projects/node-mvc/node_modules/___mongodb.npm/package/test/db_test.js
silly asyncMap in gTP /Users/scottcorgan/Projects/node-mvc/node_modules/___mongodb.npm/package/test/error_test.js
silly asyncMap in gTP /Users/scottcorgan/Projects/node-mvc/node_modules/___mongodb.npm/package/test/exception_handling_test.js
silly asyncMap in gTP /Users/scottcorgan/Projects/node-mvc/node_modules/___mongodb.npm/package/test/find_test.js
silly asyncMap in gTP /Users/scottcorgan/Projects/node-mvc/node_modules/___mongodb.npm/package/test/index_test.js
silly asyncMap in gTP /Users/scottcorgan/Projects/node-mvc/node_modules/___mongodb.npm/package/test/insert_test.js
silly asyncMap in gTP /Users/scottcorgan/Projects/node-mvc/node_modules/___mongodb.npm/package/test/map_reduce_test.js
silly asyncMap in gTP /Users/scottcorgan/Projects/node-mvc/node_modules/___mongodb.npm/package/test/objectid_test.js
silly asyncMap in gTP /Users/scottcorgan/Projects/node-mvc/node_modules/___mongodb.npm/package/test/regexp_test.js
silly asyncMap in gTP /Users/scottcorgan/Projects/node-mvc/node_modules/___mongodb.npm/package/test/remove_test.js
silly asyncMap in gTP /Users/scottcorgan/Projects/node-mvc/node_modules/___mongodb.npm/package/test/streaming_test.js
silly asyncMap in gTP /Users/scottcorgan/Projects/node-mvc/node_modules/___mongodb.npm/package/test/unicode_test.js
silly asyncMap in gTP /Users/scottcorgan/Projects/node-mvc/node_modules/___mongodb.npm/package/test/auxilliary/
silly asyncMap in gTP /Users/scottcorgan/Projects/node-mvc/node_modules/___mongodb.npm/package/test/auxilliary/authentication_test.js
silly asyncMap in gTP /Users/scottcorgan/Projects/node-mvc/node_modules/___mongodb.npm/package/test/auxilliary/replicaset_auth_test.js
silly asyncMap in gTP /Users/scottcorgan/Projects/node-mvc/node_modules/___mongodb.npm/package/test/bson/
silly asyncMap in gTP /Users/scottcorgan/Projects/node-mvc/node_modules/___mongodb.npm/package/test/bson/bson_test.js
silly asyncMap in gTP /Users/scottcorgan/Projects/node-mvc/node_modules/___mongodb.npm/package/test/bson/commands_test.js
silly asyncMap in gTP /Users/scottcorgan/Projects/node-mvc/node_modules/___mongodb.npm/package/test/gridstore/
silly asyncMap in gTP /Users/scottcorgan/Projects/node-mvc/node_modules/___mongodb.npm/package/test/gridstore/grid_store_file_test.js
silly asyncMap in gTP /Users/scottcorgan/Projects/node-mvc/node_modules/___mongodb.npm/package/test/gridstore/grid_store_stream_test.js
silly asyncMap in gTP /Users/scottcorgan/Projects/node-mvc/node_modules/___mongodb.npm/package/test/gridstore/grid_store_test.js
silly asyncMap in gTP /Users/scottcorgan/Projects/node-mvc/node_modules/___mongodb.npm/package/test/gridstore/grid_test.js
silly asyncMap in gTP /Users/scottcorgan/Projects/node-mvc/node_modules/___mongodb.npm/package/test/gridstore/iya_logo_final_bw.jpg
silly asyncMap in gTP /Users/scottcorgan/Projects/node-mvc/node_modules/___mongodb.npm/package/test/gridstore/test_gs_weird_bug.png
silly asyncMap in gTP /Users/scottcorgan/Projects/node-mvc/node_modules/___mongodb.npm/package/test/gridstore/test_gs_working_field_read.pdf
silly asyncMap in gTP /Users/scottcorgan/Projects/node-mvc/node_modules/___mongodb.npm/package/test/replicaset/
silly asyncMap in gTP /Users/scottcorgan/Projects/node-mvc/node_modules/___mongodb.npm/package/test/replicaset/connect_test.js
silly asyncMap in gTP /Users/scottcorgan/Projects/node-mvc/node_modules/___mongodb.npm/package/test/replicaset/count_test.js
silly asyncMap in gTP /Users/scottcorgan/Projects/node-mvc/node_modules/___mongodb.npm/package/test/replicaset/insert_test.js
silly asyncMap in gTP /Users/scottcorgan/Projects/node-mvc/node_modules/___mongodb.npm/package/test/replicaset/query_secondaries_test.js
silly asyncMap in gTP /Users/scottcorgan/Projects/node-mvc/node_modules/___mongodb.npm/package/test/replicaset/two_server_tests.js
silly asyncMap in gTP /Users/scottcorgan/Projects/node-mvc/node_modules/___mongodb.npm/package/test/tools/
silly asyncMap in gTP /Users/scottcorgan/Projects/node-mvc/node_modules/___mongodb.npm/package/test/tools/keyfile.txt
silly asyncMap in gTP /Users/scottcorgan/Projects/node-mvc/node_modules/___mongodb.npm/package/test/tools/replica_set_manager.js
silly asyncMap in gTP /Users/scottcorgan/Projects/node-mvc/node_modules/___mongodb.npm/package/test/tools/server_manager.js
silly asyncMap in gTP /Users/scottcorgan/Projects/node-mvc/node_modules/___mongodb.npm/package/lib/
silly asyncMap in gTP /Users/scottcorgan/Projects/node-mvc/node_modules/___mongodb.npm/package/lib/mongodb/
silly asyncMap in gTP /Users/scottcorgan/Projects/node-mvc/node_modules/___mongodb.npm/package/lib/mongodb/admin.js
silly asyncMap in gTP /Users/scottcorgan/Projects/node-mvc/node_modules/___mongodb.npm/package/lib/mongodb/collection.js
silly asyncMap in gTP /Users/scottcorgan/Projects/node-mvc/node_modules/___mongodb.npm/package/lib/mongodb/connection.js
silly asyncMap in gTP /Users/scottcorgan/Projects/node-mvc/node_modules/___mongodb.npm/package/lib/mongodb/cursor.js
silly asyncMap in gTP /Users/scottcorgan/Projects/node-mvc/node_modules/___mongodb.npm/package/lib/mongodb/db.js
silly asyncMap in gTP /Users/scottcorgan/Projects/node-mvc/node_modules/___mongodb.npm/package/lib/mongodb/index.js
silly asyncMap in gTP /Users/scottcorgan/Projects/node-mvc/node_modules/___mongodb.npm/package/lib/mongodb/bson/
silly asyncMap in gTP /Users/scottcorgan/Projects/node-mvc/node_modules/___mongodb.npm/package/lib/mongodb/bson/binary.js
silly asyncMap in gTP /Users/scottcorgan/Projects/node-mvc/node_modules/___mongodb.npm/package/lib/mongodb/bson/binary_parser.js
silly asyncMap in gTP /Users/scottcorgan/Projects/node-mvc/node_modules/___mongodb.npm/package/lib/mongodb/bson/binary_utils.js
silly asyncMap in gTP /Users/scottcorgan/Projects/node-mvc/node_modules/___mongodb.npm/package/lib/mongodb/bson/bson.js
silly asyncMap in gTP /Users/scottcorgan/Projects/node-mvc/node_modules/___mongodb.npm/package/lib/mongodb/bson/double.js
silly asyncMap in gTP /Users/scottcorgan/Projects/node-mvc/node_modules/___mongodb.npm/package/lib/mongodb/bson/float_parser.js
silly asyncMap in gTP /Users/scottcorgan/Projects/node-mvc/node_modules/___mongodb.npm/package/lib/mongodb/bson/objectid.js
silly asyncMap in gTP /Users/scottcorgan/Projects/node-mvc/node_modules/___mongodb.npm/package/lib/mongodb/bson/timestamp.js
silly asyncMap in gTP /Users/scottcorgan/Projects/node-mvc/node_modules/___mongodb.npm/package/lib/mongodb/commands/
silly asyncMap in gTP /Users/scottcorgan/Projects/node-mvc/node_modules/___mongodb.npm/package/lib/mongodb/commands/base_command.js
silly asyncMap in gTP /Users/scottcorgan/Projects/node-mvc/node_modules/___mongodb.npm/package/lib/mongodb/commands/db_command.js
silly asyncMap in gTP /Users/scottcorgan/Projects/node-mvc/node_modules/___mongodb.npm/package/lib/mongodb/commands/delete_command.js
silly asyncMap in gTP /Users/scottcorgan/Projects/node-mvc/node_modules/___mongodb.npm/package/lib/mongodb/commands/get_more_command.js
silly asyncMap in gTP /Users/scottcorgan/Projects/node-mvc/node_modules/___mongodb.npm/package/lib/mongodb/commands/insert_command.js
silly asyncMap in gTP /Users/scottcorgan/Projects/node-mvc/node_modules/___mongodb.npm/package/lib/mongodb/commands/kill_cursor_command.js
silly asyncMap in gTP /Users/scottcorgan/Projects/node-mvc/node_modules/___mongodb.npm/package/lib/mongodb/commands/query_command.js
silly asyncMap in gTP /Users/scottcorgan/Projects/node-mvc/node_modules/___mongodb.npm/package/lib/mongodb/commands/update_command.js
silly asyncMap in gTP /Users/scottcorgan/Projects/node-mvc/node_modules/___mongodb.npm/package/lib/mongodb/connections/
silly asyncMap in gTP /Users/scottcorgan/Projects/node-mvc/node_modules/___mongodb.npm/package/lib/mongodb/connections/repl_set_servers.js
silly asyncMap in gTP /Users/scottcorgan/Projects/node-mvc/node_modules/___mongodb.npm/package/lib/mongodb/connections/server.js
silly asyncMap in gTP /Users/scottcorgan/Projects/node-mvc/node_modules/___mongodb.npm/package/lib/mongodb/gridfs/
silly asyncMap in gTP /Users/scottcorgan/Projects/node-mvc/node_modules/___mongodb.npm/package/lib/mongodb/gridfs/chunk.js
silly asyncMap in gTP /Users/scottcorgan/Projects/node-mvc/node_modules/___mongodb.npm/package/lib/mongodb/gridfs/grid.js
silly asyncMap in gTP /Users/scottcorgan/Projects/node-mvc/node_modules/___mongodb.npm/package/lib/mongodb/gridfs/gridstore.js
silly asyncMap in gTP /Users/scottcorgan/Projects/node-mvc/node_modules/___mongodb.npm/package/lib/mongodb/responses/
silly asyncMap in gTP /Users/scottcorgan/Projects/node-mvc/node_modules/___mongodb.npm/package/lib/mongodb/responses/mongo_reply.js
silly asyncMap in gTP /Users/scottcorgan/Projects/node-mvc/node_modules/___mongodb.npm/package/lib/mongodb/goog/
silly asyncMap in gTP /Users/scottcorgan/Projects/node-mvc/node_modules/___mongodb.npm/package/lib/mongodb/goog/math/
silly asyncMap in gTP /Users/scottcorgan/Projects/node-mvc/node_modules/___mongodb.npm/package/lib/mongodb/goog/math/long.js
silly asyncMap in gTP /Users/scottcorgan/Projects/node-mvc/node_modules/___mongodb.npm/package/deps/
silly asyncMap in gTP /Users/scottcorgan/Projects/node-mvc/node_modules/___mongodb.npm/package/deps/gleak/
silly asyncMap in gTP /Users/scottcorgan/Projects/node-mvc/node_modules/___mongodb.npm/package/deps/gleak/.gitignore
silly asyncMap in gTP /Users/scottcorgan/Projects/node-mvc/node_modules/___mongodb.npm/package/deps/gleak/History.md
silly asyncMap in gTP /Users/scottcorgan/Projects/node-mvc/node_modules/___mongodb.npm/package/deps/gleak/index.js
silly asyncMap in gTP /Users/scottcorgan/Projects/node-mvc/node_modules/___mongodb.npm/package/deps/gleak/Makefile
silly asyncMap in gTP /Users/scottcorgan/Projects/node-mvc/node_modules/___mongodb.npm/package/deps/gleak/package.json
silly asyncMap in gTP /Users/scottcorgan/Projects/node-mvc/node_modules/___mongodb.npm/package/deps/gleak/README.md
silly asyncMap in gTP /Users/scottcorgan/Projects/node-mvc/node_modules/___mongodb.npm/package/deps/gleak/test/
silly asyncMap in gTP /Users/scottcorgan/Projects/node-mvc/node_modules/___mongodb.npm/package/deps/gleak/test/index.js
silly asyncMap in gTP /Users/scottcorgan/Projects/node-mvc/node_modules/___mongodb.npm/package/deps/step/
silly asyncMap in gTP /Users/scottcorgan/Projects/node-mvc/node_modules/___mongodb.npm/package/deps/step/package.json
silly asyncMap in gTP /Users/scottcorgan/Projects/node-mvc/node_modules/___mongodb.npm/package/deps/step/README.markdown
silly asyncMap in gTP /Users/scottcorgan/Projects/node-mvc/node_modules/___mongodb.npm/package/deps/step/lib/
silly asyncMap in gTP /Users/scottcorgan/Projects/node-mvc/node_modules/___mongodb.npm/package/deps/step/lib/step.js
silly asyncMap in gTP /Users/scottcorgan/Projects/node-mvc/node_modules/___mongodb.npm/package/deps/step/test/
silly asyncMap in gTP /Users/scottcorgan/Projects/node-mvc/node_modules/___mongodb.npm/package/deps/step/test/callbackTest.js
silly asyncMap in gTP /Users/scottcorgan/Projects/node-mvc/node_modules/___mongodb.npm/package/deps/step/test/errorTest.js
silly asyncMap in gTP /Users/scottcorgan/Projects/node-mvc/node_modules/___mongodb.npm/package/deps/step/test/fnTest.js
silly asyncMap in gTP /Users/scottcorgan/Projects/node-mvc/node_modules/___mongodb.npm/package/deps/step/test/groupTest.js
silly asyncMap in gTP /Users/scottcorgan/Projects/node-mvc/node_modules/___mongodb.npm/package/deps/step/test/helper.js
silly asyncMap in gTP /Users/scottcorgan/Projects/node-mvc/node_modules/___mongodb.npm/package/deps/step/test/parallelTest.js
silly asyncMap in gTP /Users/scottcorgan/Projects/node-mvc/node_modules/___mongodb.npm/package/deps/nodeunit/
silly asyncMap in gTP /Users/scottcorgan/Projects/node-mvc/node_modules/___mongodb.npm/package/deps/nodeunit/.npmignore
silly asyncMap in gTP /Users/scottcorgan/Projects/node-mvc/node_modules/___mongodb.npm/package/deps/nodeunit/CONTRIBUTORS.md
silly asyncMap in gTP /Users/scottcorgan/Projects/node-mvc/node_modules/___mongodb.npm/package/deps/nodeunit/index.js
silly asyncMap in gTP /Users/scottcorgan/Projects/node-mvc/node_modules/___mongodb.npm/package/deps/nodeunit/LICENSE
silly asyncMap in gTP /Users/scottcorgan/Projects/node-mvc/node_modules/___mongodb.npm/package/deps/nodeunit/Makefile
silly asyncMap in gTP /Users/scottcorgan/Projects/node-mvc/node_modules/___mongodb.npm/package/deps/nodeunit/nodelint.cfg
silly asyncMap in gTP /Users/scottcorgan/Projects/node-mvc/node_modules/___mongodb.npm/package/deps/nodeunit/package.json
silly asyncMap in gTP /Users/scottcorgan/Projects/node-mvc/node_modules/___mongodb.npm/package/deps/nodeunit/README.md
silly asyncMap in gTP /Users/scottcorgan/Projects/node-mvc/node_modules/___mongodb.npm/package/deps/nodeunit/bin/
silly asyncMap in gTP /Users/scottcorgan/Projects/node-mvc/node_modules/___mongodb.npm/package/deps/nodeunit/bin/nodeunit
silly asyncMap in gTP /Users/scottcorgan/Projects/node-mvc/node_modules/___mongodb.npm/package/deps/nodeunit/bin/nodeunit.json
silly asyncMap in gTP /Users/scottcorgan/Projects/node-mvc/node_modules/___mongodb.npm/package/deps/nodeunit/deps/
silly asyncMap in gTP /Users/scottcorgan/Projects/node-mvc/node_modules/___mongodb.npm/package/deps/nodeunit/deps/async.js
silly asyncMap in gTP /Users/scottcorgan/Projects/node-mvc/node_modules/___mongodb.npm/package/deps/nodeunit/deps/ejs.js
silly asyncMap in gTP /Users/scottcorgan/Projects/node-mvc/node_modules/___mongodb.npm/package/deps/nodeunit/deps/json2.js
silly asyncMap in gTP /Users/scottcorgan/Projects/node-mvc/node_modules/___mongodb.npm/package/deps/nodeunit/doc/
silly asyncMap in gTP /Users/scottcorgan/Projects/node-mvc/node_modules/___mongodb.npm/package/deps/nodeunit/doc/nodeunit.md
silly asyncMap in gTP /Users/scottcorgan/Projects/node-mvc/node_modules/___mongodb.npm/package/deps/nodeunit/img/
silly asyncMap in gTP /Users/scottcorgan/Projects/node-mvc/node_modules/___mongodb.npm/package/deps/nodeunit/img/example_fail.png
silly asyncMap in gTP /Users/scottcorgan/Projects/node-mvc/node_modules/___mongodb.npm/package/deps/nodeunit/img/example_pass.png
silly asyncMap in gTP /Users/scottcorgan/Projects/node-mvc/node_modules/___mongodb.npm/package/deps/nodeunit/man1/
silly asyncMap in gTP /Users/scottcorgan/Projects/node-mvc/node_modules/___mongodb.npm/package/deps/nodeunit/man1/nodeunit.1
silly asyncMap in gTP /Users/scottcorgan/Projects/node-mvc/node_modules/___mongodb.npm/package/deps/nodeunit/share/
silly asyncMap in gTP /Users/scottcorgan/Projects/node-mvc/node_modules/___mongodb.npm/package/deps/nodeunit/share/junit.xml.ejs
silly asyncMap in gTP /Users/scottcorgan/Projects/node-mvc/node_modules/___mongodb.npm/package/deps/nodeunit/share/license.js
silly asyncMap in gTP /Users/scottcorgan/Projects/node-mvc/node_modules/___mongodb.npm/package/deps/nodeunit/share/nodeunit.css
silly asyncMap in gTP /Users/scottcorgan/Projects/node-mvc/node_modules/___mongodb.npm/package/deps/nodeunit/examples/
silly asyncMap in gTP /Users/scottcorgan/Projects/node-mvc/node_modules/___mongodb.npm/package/deps/nodeunit/examples/browser/
silly asyncMap in gTP /Users/scottcorgan/Projects/node-mvc/node_modules/___mongodb.npm/package/deps/nodeunit/examples/browser/nodeunit.js
silly asyncMap in gTP /Users/scottcorgan/Projects/node-mvc/node_modules/___mongodb.npm/package/deps/nodeunit/examples/browser/suite1.js
silly asyncMap in gTP /Users/scottcorgan/Projects/node-mvc/node_modules/___mongodb.npm/package/deps/nodeunit/examples/browser/suite2.js
silly asyncMap in gTP /Users/scottcorgan/Projects/node-mvc/node_modules/___mongodb.npm/package/deps/nodeunit/examples/browser/test.html
silly asyncMap in gTP /Users/scottcorgan/Projects/node-mvc/node_modules/___mongodb.npm/package/deps/nodeunit/lib/
silly asyncMap in gTP /Users/scottcorgan/Projects/node-mvc/node_modules/___mongodb.npm/package/deps/nodeunit/lib/assert.js
silly asyncMap in gTP /Users/scottcorgan/Projects/node-mvc/node_modules/___mongodb.npm/package/deps/nodeunit/lib/core.js
silly asyncMap in gTP /Users/scottcorgan/Projects/node-mvc/node_modules/___mongodb.npm/package/deps/nodeunit/lib/nodeunit.js
silly asyncMap in gTP /Users/scottcorgan/Projects/node-mvc/node_modules/___mongodb.npm/package/deps/nodeunit/lib/track.js
silly asyncMap in gTP /Users/scottcorgan/Projects/node-mvc/node_modules/___mongodb.npm/package/deps/nodeunit/lib/types.js
silly asyncMap in gTP /Users/scottcorgan/Projects/node-mvc/node_modules/___mongodb.npm/package/deps/nodeunit/lib/utils.js
silly asyncMap in gTP /Users/scottcorgan/Projects/node-mvc/node_modules/___mongodb.npm/package/deps/nodeunit/lib/reporters/
silly asyncMap in gTP /Users/scottcorgan/Projects/node-mvc/node_modules/___mongodb.npm/package/deps/nodeunit/lib/reporters/browser.js
silly asyncMap in gTP /Users/scottcorgan/Projects/node-mvc/node_modules/___mongodb.npm/package/deps/nodeunit/lib/reporters/default.js
silly asyncMap in gTP /Users/scottcorgan/Projects/node-mvc/node_modules/___mongodb.npm/package/deps/nodeunit/lib/reporters/html.js
silly asyncMap in gTP /Users/scottcorgan/Projects/node-mvc/node_modules/___mongodb.npm/package/deps/nodeunit/lib/reporters/index.js
silly asyncMap in gTP /Users/scottcorgan/Projects/node-mvc/node_modules/___mongodb.npm/package/deps/nodeunit/lib/reporters/junit.js
silly asyncMap in gTP /Users/scottcorgan/Projects/node-mvc/node_modules/___mongodb.npm/package/deps/nodeunit/lib/reporters/minimal.js
silly asyncMap in gTP /Users/scottcorgan/Projects/node-mvc/node_modules/___mongodb.npm/package/deps/nodeunit/lib/reporters/skip_passed.js
silly asyncMap in gTP /Users/scottcorgan/Projects/node-mvc/node_modules/___mongodb.npm/package/deps/nodeunit/test/
silly asyncMap in gTP /Users/scottcorgan/Projects/node-mvc/node_modules/___mongodb.npm/package/deps/nodeunit/test/test-base.js
silly asyncMap in gTP /Users/scottcorgan/Projects/node-mvc/node_modules/___mongodb.npm/package/deps/nodeunit/test/test-failing-callbacks.js
silly asyncMap in gTP /Users/scottcorgan/Projects/node-mvc/node_modules/___mongodb.npm/package/deps/nodeunit/test/test-httputil.js
silly asyncMap in gTP /Users/scottcorgan/Projects/node-mvc/node_modules/___mongodb.npm/package/deps/nodeunit/test/test-runfiles.js
silly asyncMap in gTP /Users/scottcorgan/Projects/node-mvc/node_modules/___mongodb.npm/package/deps/nodeunit/test/test-runmodule.js
silly asyncMap in gTP /Users/scottcorgan/Projects/node-mvc/node_modules/___mongodb.npm/package/deps/nodeunit/test/test-runtest.js
silly asyncMap in gTP /Users/scottcorgan/Projects/node-mvc/node_modules/___mongodb.npm/package/deps/nodeunit/test/test-sandbox.js
silly asyncMap in gTP /Users/scottcorgan/Projects/node-mvc/node_modules/___mongodb.npm/package/deps/nodeunit/test/test-testcase.js
silly asyncMap in gTP /Users/scottcorgan/Projects/node-mvc/node_modules/___mongodb.npm/package/deps/nodeunit/test/test.html
silly asyncMap in gTP /Users/scottcorgan/Projects/node-mvc/node_modules/___mongodb.npm/package/deps/nodeunit/test/fixtures/
silly asyncMap in gTP /Users/scottcorgan/Projects/node-mvc/node_modules/___mongodb.npm/package/deps/nodeunit/test/fixtures/mock_module1.js
silly asyncMap in gTP /Users/scottcorgan/Projects/node-mvc/node_modules/___mongodb.npm/package/deps/nodeunit/test/fixtures/mock_module2.js
silly asyncMap in gTP /Users/scottcorgan/Projects/node-mvc/node_modules/___mongodb.npm/package/deps/nodeunit/test/fixtures/raw_jscode2.js
silly asyncMap in gTP /Users/scottcorgan/Projects/node-mvc/node_modules/___mongodb.npm/package/deps/nodeunit/test/fixtures/raw_jscode1.js
silly asyncMap in gTP /Users/scottcorgan/Projects/node-mvc/node_modules/___mongodb.npm/package/deps/nodeunit/test/fixtures/raw_jscode3.js
silly asyncMap in gTP /Users/scottcorgan/Projects/node-mvc/node_modules/___mongodb.npm/package/deps/nodeunit/test/fixtures/coffee/
silly asyncMap in gTP /Users/scottcorgan/Projects/node-mvc/node_modules/___mongodb.npm/package/deps/nodeunit/test/fixtures/coffee/mock_coffee_module.coffee
silly asyncMap in gTP /Users/scottcorgan/Projects/node-mvc/node_modules/___mongodb.npm/package/deps/nodeunit/test/fixtures/dir/
silly asyncMap in gTP /Users/scottcorgan/Projects/node-mvc/node_modules/___mongodb.npm/package/deps/nodeunit/test/fixtures/dir/mock_module3.js
silly asyncMap in gTP /Users/scottcorgan/Projects/node-mvc/node_modules/___mongodb.npm/package/deps/nodeunit/test/fixtures/dir/mock_module4.js
verbose gunzed /Users/scottcorgan/Projects/node-mvc/node_modules/___mongodb.npm/package
verbose rm'ed /Users/scottcorgan/Projects/node-mvc/node_modules/mongodb
verbose renamed [ '/Users/scottcorgan/Projects/node-mvc/node_modules/___mongodb.npm/package',
verbose renamed   '/Users/scottcorgan/Projects/node-mvc/node_modules/mongodb' ]
silly testEngine { name: 'mongodb',
silly testEngine   description: 'A node.js driver for MongoDB',
silly testEngine   keywords: [ 'mongodb', 'mongo', 'driver', 'db' ],
silly testEngine   version: '0.9.6-16',
silly testEngine   author: 
silly testEngine    { name: 'Christian Amor Kvalheim',
silly testEngine      email: 'christkv@gmail.com' },
silly testEngine   contributors: 
silly testEngine    [ { name: 'Aaron Heckmann' },
silly testEngine      { name: 'Christoph Pojer' },
silly testEngine      { name: 'Pau Ramon Revilla' },
silly testEngine      { name: 'Nathan White' },
silly testEngine      { name: 'Emmerman' },
silly testEngine      { name: 'Seth LaForge' },
silly testEngine      { name: 'Boris Filipov' },
silly testEngine      { name: 'Stefan Schärmeli' },
silly testEngine      { name: 'Tedde Lundgren' },
silly testEngine      { name: 'renctan' },
silly testEngine      { name: 'Sergey Ukustov' },
silly testEngine      { name: 'Ciaran Jessup' },
silly testEngine      { name: 'kuno' },
silly testEngine      { name: 'srimonti' },
silly testEngine      { name: 'Erik Abele' },
silly testEngine      { name: 'Pratik Daga' },
silly testEngine      { name: 'Slobodan Utvic' },
silly testEngine      { name: 'Kristina Chodorow' },
silly testEngine      { name: 'Yonathan Randolph' },
silly testEngine      { name: 'Brian Noguchi' },
silly testEngine      { name: 'Sam Epstein' },
silly testEngine      { name: 'James Harrison Fisher' },
silly testEngine      { name: 'Vladimir Dronnikov' },
silly testEngine      { name: 'Ben Hockey' },
silly testEngine      { name: 'Henrik Johansson' },
silly testEngine      { name: 'Simon Weare' },
silly testEngine      { name: 'Alex Gorbatchev' },
silly testEngine      { name: 'Shimon Doodkin' },
silly testEngine      { name: 'Kyle Mueller' },
silly testEngine      { name: 'Eran Hammer-Lahav' },
silly testEngine      { name: 'Marcin Ciszak' },
silly testEngine      { name: 'François de Metz' },
silly testEngine      { name: 'Vinay Pulim' },
silly testEngine      { name: 'nstielau' },
silly testEngine      { name: 'Adam Wiggins' },
silly testEngine      { name: 'entrinzikyl' },
silly testEngine      { name: 'Jeremy Selier' },
silly testEngine      { name: 'Ian Millington' },
silly testEngine      { name: 'Public Keating' },
silly testEngine      { name: 'andrewjstone' },
silly testEngine      { name: 'Christopher Stott' },
silly testEngine      { name: 'Corey Jewett' },
silly testEngine      { name: 'brettkiefer' },
silly testEngine      { name: 'Rob Holland' },
silly testEngine      { name: 'Senmiao Liu' },
silly testEngine      { name: 'heroic' },
silly testEngine      { name: 'gitfy' },
silly testEngine      { name: 'Andrew Stone' } ],
silly testEngine   repository: 
silly testEngine    { type: 'git',
silly testEngine      url: 'git://github.com/christkv/node-mongodb-native.git' },
silly testEngine   bugs: 
silly testEngine    { email: 'node-mongodb-native@googlegroups.com',
silly testEngine      url: 'http://github.com/christkv/node-mongodb-native/issues' },
silly testEngine   os: [ 'linux', 'darwin', 'freebsd' ],
silly testEngine   config: { native: false },
silly testEngine   main: './lib/mongodb/index',
silly testEngine   directories: { lib: './lib/mongodb' },
silly testEngine   engines: { node: '>=0.4.0' },
silly testEngine   scripts: { install: 'bash ./install.sh' },
silly testEngine   licenses: 
silly testEngine    [ { type: 'Apache License, Version 2.0',
silly testEngine        url: 'http://www.apache.org/licenses/LICENSE-2.0' } ],
silly testEngine   _npmJsonOpts: 
silly testEngine    { file: '/Users/scottcorgan/Projects/node-mvc/node_modules/mongodb/package.json',
silly testEngine      wscript: false,
silly testEngine      contributors: false,
silly testEngine      serverjs: false },
silly testEngine   _id: 'mongodb@0.9.6-16',
silly testEngine   dependencies: {},
silly testEngine   devDependencies: {},
silly testEngine   _engineSupported: true,
silly testEngine   _npmVersion: '1.0.17',
silly testEngine   _nodeVersion: 'v0.4.11',
silly testEngine   _defaultsLoaded: true }
verbose caching /Users/scottcorgan/Projects/node-mvc/node_modules/mongodb/package.json
verbose loadDefaults mongodb@0.9.6-16
info preinstall mongodb@0.9.6-16
verbose from cache /Users/scottcorgan/Projects/node-mvc/node_modules/mongodb/package.json
verbose into /Users/scottcorgan/Projects/node-mvc/node_modules/mongodb []
silly resolved []
verbose about to build /Users/scottcorgan/Projects/node-mvc/node_modules/mongodb
info build /Users/scottcorgan/Projects/node-mvc/node_modules/mongodb
verbose from cache /Users/scottcorgan/Projects/node-mvc/node_modules/mongodb/package.json
verbose linkStuff [ false,
verbose linkStuff   false,
verbose linkStuff   false,
verbose linkStuff   '/Users/scottcorgan/Projects/node-mvc/node_modules' ]
info linkStuff mongodb@0.9.6-16
verbose linkBins mongodb@0.9.6-16
verbose linkMans mongodb@0.9.6-16
verbose rebuildBundles mongodb@0.9.6-16
info install mongodb@0.9.6-16
verbose unsafe-perm in lifecycle false
verbose Setting uid from 0 501
verbose stack at uid setting Error
verbose stack at uid setting     at exec (/usr/lib/node_modules/npm/lib/utils/exec.js:35:17)
verbose stack at uid setting     at Array.0 (/usr/lib/node_modules/npm/lib/utils/lifecycle.js:110:5)
verbose stack at uid setting     at EventEmitter._tickCallback (node.js:126:26)
silly exec sh "-c" "bash ./install.sh"
info mongodb@0.9.6-16 Failed to exec install script
ERR! error installing mongodb@0.9.6-16 Error: mongodb@0.9.6-16 install: `bash ./install.sh`
ERR! error installing mongodb@0.9.6-16 `sh "-c" "bash ./install.sh"` failed with 127
ERR! error installing mongodb@0.9.6-16     at ChildProcess.<anonymous> (/usr/lib/node_modules/npm/lib/utils/exec.js:49:20)
ERR! error installing mongodb@0.9.6-16     at ChildProcess.emit (events.js:67:17)
ERR! error installing mongodb@0.9.6-16     at ChildProcess.onexit (child_process.js:192:12)
info unbuild /Users/scottcorgan/Projects/node-mvc/node_modules/mongodb
verbose from cache /Users/scottcorgan/Projects/node-mvc/node_modules/mongodb/package.json
info preuninstall mongodb@0.9.6-16
info uninstall mongodb@0.9.6-16
verbose unbuild mongodb@0.9.6-16 [ false,
verbose unbuild mongodb@0.9.6-16   '/usr/lib/node_modules',
verbose unbuild mongodb@0.9.6-16   '/Users/scottcorgan/Projects/node-mvc/node_modules' ]
info postuninstall mongodb@0.9.6-16
verbose installOne cb mongodb@0.9.6-16
ERR! mongodb@0.9.6-16 install: `bash ./install.sh`
ERR! `sh "-c" "bash ./install.sh"` failed with 127
ERR! 
ERR! Failed at the mongodb@0.9.6-16 install script.
ERR! This is most likely a problem with the mongodb package,
ERR! not with npm itself.
ERR! Tell the author that this fails on your system:
ERR!     bash ./install.sh
ERR! You can get their info via:
ERR!     npm owner ls mongodb
ERR! There is likely additional logging output above.
ERR! 
ERR! System Darwin 11.1.0
ERR! command "node" "/usr/bin/npm" "install" "mongodb" "--mongodb:native"
ERR! cwd /Users/scottcorgan/Projects/node-mvc
ERR! node -v v0.4.11
ERR! npm -v 1.0.17
verbose exit [ 1, true ]
